<?xml version="1.0" encoding="UTF-8"?>
<!-- Generated by org.testng.reporters.JUnitReportReporter -->
<testsuite hostname="DESKTOP-8L5A6SU" name="kriptomatDemo.SecondTestClass" tests="1" failures="0" timestamp="19 Mar 2022 18:44:01 GMT" time="9.077" errors="0">
  <testcase name="verifyPageTitle" time="9.077" classname="kriptomatDemo.SecondTestClass"/>
</testsuite> <!-- kriptomatDemo.SecondTestClass -->
